# Logfile created on Mon Nov 22 19:01:38 +0100 2010 by logger.rb
REQUESTING PAGE: GET /tasks with {} and HTTP headers {}
REQUESTING PAGE: GET /tasks/new with {} and HTTP headers {}
REQUESTING PAGE: GET /users/sign_in with {} and HTTP headers {}
REQUESTING PAGE: POST /users/sign_in with {"commit"=>"Sign in", "utf8"=>"\342\234\223", "user"=>{"remember_me"=>"0", "password"=>"123abcde", "email"=>"slafooo@gmail.com"}} and HTTP headers {"HTTP_REFERER"=>"/users/sign_in"}
REQUESTING PAGE: GET /users/sign_in with {} and HTTP headers {}
REQUESTING PAGE: POST /users/sign_in with {"commit"=>"Sign in", "utf8"=>"\342\234\223", "user"=>{"remember_me"=>"0", "password"=>"123abcde", "email"=>"slafoo@gmail.com"}} and HTTP headers {"HTTP_REFERER"=>"/users/sign_in"}
REQUESTING PAGE: GET /users/sign_in with {} and HTTP headers {}
REQUESTING PAGE: POST /users/sign_in with {"commit"=>"Sign in", "utf8"=>"\342\234\223", "user"=>{"remember_me"=>"0", "password"=>"123abcde", "email"=>"slafooo@gmail.com"}} and HTTP headers {"HTTP_REFERER"=>"/users/sign_in"}
REQUESTING PAGE: GET /tasks with {} and HTTP headers {"HTTP_REFERER"=>"/users/sign_in"}
REQUESTING PAGE: GET /users/sign_in with {} and HTTP headers {}
REQUESTING PAGE: POST /users/sign_in with {"commit"=>"Sign in", "utf8"=>"\342\234\223", "user"=>{"remember_me"=>"0", "password"=>"123abcde", "email"=>"slafoo@gmail.com"}} and HTTP headers {"HTTP_REFERER"=>"/users/sign_in"}
REQUESTING PAGE: GET /tasks/new with {} and HTTP headers {"HTTP_REFERER"=>"/users/sign_in"}
REQUESTING PAGE: GET /login with {} and HTTP headers {}
REQUESTING PAGE: GET /login with {} and HTTP headers {}
REQUESTING PAGE: GET /users/sign_in with {} and HTTP headers {}
REQUESTING PAGE: POST /users/sign_in with {"commit"=>"Sign in", "utf8"=>"\342\234\223", "user"=>{"remember_me"=>"0", "password"=>"secretpass", "email"=>"testing@man.net"}} and HTTP headers {"HTTP_REFERER"=>"/users/sign_in"}
REQUESTING PAGE: GET /tasks with {} and HTTP headers {"HTTP_REFERER"=>"/users/sign_in"}
REQUESTING PAGE: GET /users/sign_in with {} and HTTP headers {}
REQUESTING PAGE: POST /users/sign_in with {"commit"=>"Sign in", "utf8"=>"\342\234\223", "user"=>{"remember_me"=>"0", "password"=>"secretpass", "email"=>"testing@man.net"}} and HTTP headers {"HTTP_REFERER"=>"/users/sign_in"}
REQUESTING PAGE: GET /tasks/new with {} and HTTP headers {"HTTP_REFERER"=>"/users/sign_in"}
REQUESTING PAGE: GET /users/sign_in with {} and HTTP headers {}
REQUESTING PAGE: POST /users/sign_in with {"commit"=>"Sign in", "utf8"=>"\342\234\223", "user"=>{"remember_me"=>"0", "password"=>"secretpass", "email"=>"testing@man.net"}} and HTTP headers {"HTTP_REFERER"=>"/users/sign_in"}
REQUESTING PAGE: GET /tasks with {} and HTTP headers {"HTTP_REFERER"=>"/users/sign_in"}
REQUESTING PAGE: GET /tasks/new with {} and HTTP headers {"HTTP_REFERER"=>"/tasks"}
REQUESTING PAGE: GET /users/sign_in with {} and HTTP headers {}
REQUESTING PAGE: POST /users/sign_in with {"commit"=>"Sign in", "utf8"=>"\342\234\223", "user"=>{"remember_me"=>"0", "password"=>"secretpass", "email"=>"testing@man.net"}} and HTTP headers {"HTTP_REFERER"=>"/users/sign_in"}
REQUESTING PAGE: GET /tasks/new with {} and HTTP headers {"HTTP_REFERER"=>"/users/sign_in"}
REQUESTING PAGE: GET /users/sign_in with {} and HTTP headers {}
REQUESTING PAGE: POST /users/sign_in with {"commit"=>"Sign in", "utf8"=>"\342\234\223", "user"=>{"remember_me"=>"0", "password"=>"secretpass", "email"=>"testing@man.net"}} and HTTP headers {"HTTP_REFERER"=>"/users/sign_in"}
REQUESTING PAGE: GET /tasks with {} and HTTP headers {"HTTP_REFERER"=>"/users/sign_in"}
REQUESTING PAGE: GET /tasks/new with {} and HTTP headers {"HTTP_REFERER"=>"/tasks"}
REQUESTING PAGE: GET /users/sign_in with {} and HTTP headers {}
REQUESTING PAGE: POST /users/sign_in with {"commit"=>"Sign in", "utf8"=>"\342\234\223", "user"=>{"remember_me"=>"0", "password"=>"secretpass", "email"=>"testing@man.net"}} and HTTP headers {"HTTP_REFERER"=>"/users/sign_in"}
REQUESTING PAGE: GET /tasks/new with {} and HTTP headers {"HTTP_REFERER"=>"/users/sign_in"}
REQUESTING PAGE: POST /tasks with {"commit"=>"Prześlij", "utf8"=>"\342\234\223", "task"=>{"name"=>"Pierwsze zadanie", "deadline(1i)"=>"2010-12-24", "deadline(2i)"=>"11", "progress"=>"1", "deadline(3i)"=>"22", "user_id"=>"1", "description"=>"Opis pierwszego zadania"}} and HTTP headers {"HTTP_REFERER"=>"/tasks/new"}
REQUESTING PAGE: GET /users/sign_in with {} and HTTP headers {}
REQUESTING PAGE: POST /users/sign_in with {"commit"=>"Sign in", "utf8"=>"\342\234\223", "user"=>{"remember_me"=>"0", "password"=>"secretpass", "email"=>"testing@man.net"}} and HTTP headers {"HTTP_REFERER"=>"/users/sign_in"}
REQUESTING PAGE: GET /tasks with {} and HTTP headers {"HTTP_REFERER"=>"/users/sign_in"}
REQUESTING PAGE: GET /tasks/new with {} and HTTP headers {"HTTP_REFERER"=>"/tasks"}
REQUESTING PAGE: GET /users/sign_in with {} and HTTP headers {}
REQUESTING PAGE: POST /users/sign_in with {"commit"=>"Sign in", "utf8"=>"\342\234\223", "user"=>{"remember_me"=>"0", "password"=>"secretpass", "email"=>"testing@man.net"}} and HTTP headers {"HTTP_REFERER"=>"/users/sign_in"}
REQUESTING PAGE: GET /tasks/new with {} and HTTP headers {"HTTP_REFERER"=>"/users/sign_in"}
REQUESTING PAGE: POST /tasks with {"commit"=>"Prześlij", "utf8"=>"\342\234\223", "task"=>{"name"=>"Pierwsze zadanie", "deadline(1i)"=>"2010-12-24", "deadline(2i)"=>"11", "progress"=>"1", "deadline(3i)"=>"22", "user_id"=>"1", "description"=>"Opis pierwszego zadania"}} and HTTP headers {"HTTP_REFERER"=>"/tasks/new"}
REQUESTING PAGE: GET /users/sign_in with {} and HTTP headers {}
REQUESTING PAGE: POST /users/sign_in with {"commit"=>"Sign in", "utf8"=>"\342\234\223", "user"=>{"remember_me"=>"0", "password"=>"secretpass", "email"=>"testing@man.net"}} and HTTP headers {"HTTP_REFERER"=>"/users/sign_in"}
REQUESTING PAGE: GET /tasks with {} and HTTP headers {"HTTP_REFERER"=>"/users/sign_in"}
REQUESTING PAGE: GET /tasks/new with {} and HTTP headers {"HTTP_REFERER"=>"/tasks"}
REQUESTING PAGE: GET /users/sign_in with {} and HTTP headers {}
REQUESTING PAGE: POST /users/sign_in with {"commit"=>"Sign in", "utf8"=>"\342\234\223", "user"=>{"remember_me"=>"0", "password"=>"secretpass", "email"=>"testing@man.net"}} and HTTP headers {"HTTP_REFERER"=>"/users/sign_in"}
REQUESTING PAGE: GET /tasks/new with {} and HTTP headers {"HTTP_REFERER"=>"/users/sign_in"}
REQUESTING PAGE: POST /tasks with {"commit"=>"Prześlij", "utf8"=>"\342\234\223", "task"=>{"name"=>"Pierwsze zadanie", "deadline(1i)"=>"2010-12-24", "deadline(2i)"=>"11", "priority"=>"1", "progress"=>"1", "deadline(3i)"=>"22", "user_id"=>"1", "description"=>"Opis pierwszego zadania"}} and HTTP headers {"HTTP_REFERER"=>"/tasks/new"}
REQUESTING PAGE: GET /users/sign_in with {} and HTTP headers {}
REQUESTING PAGE: POST /users/sign_in with {"commit"=>"Sign in", "utf8"=>"\342\234\223", "user"=>{"remember_me"=>"0", "password"=>"secretpass", "email"=>"testing@man.net"}} and HTTP headers {"HTTP_REFERER"=>"/users/sign_in"}
REQUESTING PAGE: GET /tasks with {} and HTTP headers {"HTTP_REFERER"=>"/users/sign_in"}
REQUESTING PAGE: GET /tasks/new with {} and HTTP headers {"HTTP_REFERER"=>"/tasks"}
REQUESTING PAGE: GET /users/sign_in with {} and HTTP headers {}
REQUESTING PAGE: POST /users/sign_in with {"commit"=>"Sign in", "utf8"=>"\342\234\223", "user"=>{"remember_me"=>"0", "password"=>"secretpass", "email"=>"testing@man.net"}} and HTTP headers {"HTTP_REFERER"=>"/users/sign_in"}
REQUESTING PAGE: GET /tasks/new with {} and HTTP headers {"HTTP_REFERER"=>"/users/sign_in"}
REQUESTING PAGE: POST /tasks with {"commit"=>"Prześlij", "utf8"=>"\342\234\223", "task"=>{"name"=>"Pierwsze zadanie", "deadline(1i)"=>"2010-12-24", "deadline(2i)"=>"11", "priority"=>"1", "progress"=>"1", "deadline(3i)"=>"22", "user_id"=>"1", "description"=>"Opis pierwszego zadania"}} and HTTP headers {"HTTP_REFERER"=>"/tasks/new"}
REQUESTING PAGE: GET /users/sign_in with {} and HTTP headers {}
REQUESTING PAGE: POST /users/sign_in with {"commit"=>"Sign in", "utf8"=>"\342\234\223", "user"=>{"remember_me"=>"0", "password"=>"secretpass", "email"=>"testing@man.net"}} and HTTP headers {"HTTP_REFERER"=>"/users/sign_in"}
REQUESTING PAGE: GET /tasks with {} and HTTP headers {"HTTP_REFERER"=>"/users/sign_in"}
REQUESTING PAGE: GET /tasks/new with {} and HTTP headers {"HTTP_REFERER"=>"/tasks"}
REQUESTING PAGE: GET /users/sign_in with {} and HTTP headers {}
REQUESTING PAGE: POST /users/sign_in with {"commit"=>"Sign in", "utf8"=>"\342\234\223", "user"=>{"remember_me"=>"0", "password"=>"secretpass", "email"=>"testing@man.net"}} and HTTP headers {"HTTP_REFERER"=>"/users/sign_in"}
REQUESTING PAGE: GET /tasks/new with {} and HTTP headers {"HTTP_REFERER"=>"/users/sign_in"}
REQUESTING PAGE: POST /tasks with {"commit"=>"Prześlij", "utf8"=>"\342\234\223", "task"=>{"name"=>"Pierwsze zadanie", "deadline(1i)"=>"2010-12-24", "deadline(2i)"=>"11", "priority"=>"1", "progress"=>"1", "deadline(3i)"=>"22", "user_id"=>"1", "description"=>"Opis pierwszego zadania"}} and HTTP headers {"HTTP_REFERER"=>"/tasks/new"}
REQUESTING PAGE: GET /users/sign_in with {} and HTTP headers {}
REQUESTING PAGE: POST /users/sign_in with {"commit"=>"Sign in", "utf8"=>"\342\234\223", "user"=>{"remember_me"=>"0", "password"=>"secretpass", "email"=>"testing@man.net"}} and HTTP headers {"HTTP_REFERER"=>"/users/sign_in"}
REQUESTING PAGE: GET /tasks with {} and HTTP headers {"HTTP_REFERER"=>"/users/sign_in"}
REQUESTING PAGE: GET /tasks/new with {} and HTTP headers {"HTTP_REFERER"=>"/tasks"}
REQUESTING PAGE: GET /users/sign_in with {} and HTTP headers {}
REQUESTING PAGE: POST /users/sign_in with {"commit"=>"Sign in", "utf8"=>"\342\234\223", "user"=>{"remember_me"=>"0", "password"=>"secretpass", "email"=>"testing@man.net"}} and HTTP headers {"HTTP_REFERER"=>"/users/sign_in"}
REQUESTING PAGE: GET /tasks/new with {} and HTTP headers {"HTTP_REFERER"=>"/users/sign_in"}
REQUESTING PAGE: POST /tasks with {"commit"=>"Prześlij", "utf8"=>"\342\234\223", "task"=>{"name"=>"Pierwsze zadanie", "deadline(1i)"=>"2010-12-24", "deadline(2i)"=>"11", "priority"=>"1", "progress"=>"1", "deadline(3i)"=>"22", "user_id"=>"1", "description"=>"Opis pierwszego zadania"}} and HTTP headers {"HTTP_REFERER"=>"/tasks/new"}
REQUESTING PAGE: GET /users/sign_in with {} and HTTP headers {}
REQUESTING PAGE: POST /users/sign_in with {"commit"=>"Sign in", "utf8"=>"\342\234\223", "user"=>{"remember_me"=>"0", "password"=>"secretpass", "email"=>"testing@man.net"}} and HTTP headers {"HTTP_REFERER"=>"/users/sign_in"}
REQUESTING PAGE: GET /tasks with {} and HTTP headers {"HTTP_REFERER"=>"/users/sign_in"}
REQUESTING PAGE: GET /tasks/new with {} and HTTP headers {"HTTP_REFERER"=>"/tasks"}
REQUESTING PAGE: GET /users/sign_in with {} and HTTP headers {}
REQUESTING PAGE: POST /users/sign_in with {"commit"=>"Sign in", "utf8"=>"\342\234\223", "user"=>{"remember_me"=>"0", "password"=>"secretpass", "email"=>"testing@man.net"}} and HTTP headers {"HTTP_REFERER"=>"/users/sign_in"}
REQUESTING PAGE: GET /tasks/new with {} and HTTP headers {"HTTP_REFERER"=>"/users/sign_in"}
REQUESTING PAGE: GET /users/sign_in with {} and HTTP headers {}
REQUESTING PAGE: POST /users/sign_in with {"commit"=>"Sign in", "utf8"=>"\342\234\223", "user"=>{"remember_me"=>"0", "password"=>"secretpass", "email"=>"testing@man.net"}} and HTTP headers {"HTTP_REFERER"=>"/users/sign_in"}
REQUESTING PAGE: GET /tasks with {} and HTTP headers {"HTTP_REFERER"=>"/users/sign_in"}
REQUESTING PAGE: GET /tasks/new with {} and HTTP headers {"HTTP_REFERER"=>"/tasks"}
REQUESTING PAGE: GET /users/sign_in with {} and HTTP headers {}
REQUESTING PAGE: POST /users/sign_in with {"commit"=>"Sign in", "utf8"=>"\342\234\223", "user"=>{"remember_me"=>"0", "password"=>"secretpass", "email"=>"testing@man.net"}} and HTTP headers {"HTTP_REFERER"=>"/users/sign_in"}
REQUESTING PAGE: GET /tasks/new with {} and HTTP headers {"HTTP_REFERER"=>"/users/sign_in"}
REQUESTING PAGE: GET /users/sign_in with {} and HTTP headers {}
REQUESTING PAGE: POST /users/sign_in with {"commit"=>"Sign in", "utf8"=>"\342\234\223", "user"=>{"remember_me"=>"0", "password"=>"secretpass", "email"=>"testing@man.net"}} and HTTP headers {"HTTP_REFERER"=>"/users/sign_in"}
REQUESTING PAGE: GET /tasks with {} and HTTP headers {"HTTP_REFERER"=>"/users/sign_in"}
REQUESTING PAGE: GET /tasks/new with {} and HTTP headers {"HTTP_REFERER"=>"/tasks"}
REQUESTING PAGE: GET /users/sign_in with {} and HTTP headers {}
REQUESTING PAGE: POST /users/sign_in with {"commit"=>"Sign in", "utf8"=>"\342\234\223", "user"=>{"remember_me"=>"0", "password"=>"secretpass", "email"=>"testing@man.net"}} and HTTP headers {"HTTP_REFERER"=>"/users/sign_in"}
REQUESTING PAGE: GET /tasks/new with {} and HTTP headers {"HTTP_REFERER"=>"/users/sign_in"}
REQUESTING PAGE: POST /tasks with {"commit"=>"Prześlij", "utf8"=>"\342\234\223", "task"=>{"name"=>"Pierwsze zadanie", "deadline(1i)"=>"2010-12-24", "deadline(2i)"=>"11", "priority"=>"1", "progress"=>"1", "deadline(3i)"=>"22", "user_id"=>"1", "description"=>"Opis pierwszego zadania"}} and HTTP headers {"HTTP_REFERER"=>"/tasks/new"}
REQUESTING PAGE: GET /users/sign_in with {} and HTTP headers {}
REQUESTING PAGE: POST /users/sign_in with {"commit"=>"Sign in", "utf8"=>"\342\234\223", "user"=>{"remember_me"=>"0", "password"=>"secretpass", "email"=>"testing@man.net"}} and HTTP headers {"HTTP_REFERER"=>"/users/sign_in"}
REQUESTING PAGE: GET /tasks with {} and HTTP headers {"HTTP_REFERER"=>"/users/sign_in"}
REQUESTING PAGE: GET /tasks/new with {} and HTTP headers {"HTTP_REFERER"=>"/tasks"}
REQUESTING PAGE: GET /users/sign_in with {} and HTTP headers {}
REQUESTING PAGE: POST /users/sign_in with {"commit"=>"Sign in", "utf8"=>"\342\234\223", "user"=>{"remember_me"=>"0", "password"=>"secretpass", "email"=>"testing@man.net"}} and HTTP headers {"HTTP_REFERER"=>"/users/sign_in"}
REQUESTING PAGE: GET /tasks/new with {} and HTTP headers {"HTTP_REFERER"=>"/users/sign_in"}
REQUESTING PAGE: POST /tasks with {"commit"=>"przeslij", "utf8"=>"\342\234\223", "task"=>{"name"=>"Pierwsze zadanie", "deadline(1i)"=>"2010-12-24", "deadline(2i)"=>"11", "priority"=>"1", "progress"=>"1", "deadline(3i)"=>"22", "user_id"=>"1", "description"=>"Opis pierwszego zadania"}} and HTTP headers {"HTTP_REFERER"=>"/tasks/new"}
REQUESTING PAGE: GET /users/sign_in with {} and HTTP headers {}
REQUESTING PAGE: POST /users/sign_in with {"commit"=>"Sign in", "utf8"=>"\342\234\223", "user"=>{"remember_me"=>"0", "password"=>"secretpass", "email"=>"testing@man.net"}} and HTTP headers {"HTTP_REFERER"=>"/users/sign_in"}
REQUESTING PAGE: GET /tasks with {} and HTTP headers {"HTTP_REFERER"=>"/users/sign_in"}
REQUESTING PAGE: GET /tasks/new with {} and HTTP headers {"HTTP_REFERER"=>"/tasks"}
REQUESTING PAGE: GET /users/sign_in with {} and HTTP headers {}
REQUESTING PAGE: POST /users/sign_in with {"commit"=>"Sign in", "utf8"=>"\342\234\223", "user"=>{"remember_me"=>"0", "password"=>"secretpass", "email"=>"testing@man.net"}} and HTTP headers {"HTTP_REFERER"=>"/users/sign_in"}
REQUESTING PAGE: GET /tasks/new with {} and HTTP headers {"HTTP_REFERER"=>"/users/sign_in"}
REQUESTING PAGE: POST /tasks with {"commit"=>"przeslij", "utf8"=>"\342\234\223", "task"=>{"name"=>"Pierwsze zadanie", "deadline(1i)"=>"2010-12-24", "deadline(2i)"=>"11", "priority"=>"1", "progress"=>"1", "deadline(3i)"=>"22", "user_id"=>"1", "description"=>"Opis pierwszego zadania"}} and HTTP headers {"HTTP_REFERER"=>"/tasks/new"}
REQUESTING PAGE: GET /tasks with {} and HTTP headers {"HTTP_REFERER"=>"/tasks"}
REQUESTING PAGE: GET /users/sign_in with {} and HTTP headers {}
REQUESTING PAGE: POST /users/sign_in with {"commit"=>"Sign in", "utf8"=>"\342\234\223", "user"=>{"remember_me"=>"0", "password"=>"secretpass", "email"=>"testing@man.net"}} and HTTP headers {"HTTP_REFERER"=>"/users/sign_in"}
REQUESTING PAGE: GET /tasks with {} and HTTP headers {"HTTP_REFERER"=>"/users/sign_in"}
REQUESTING PAGE: GET /tasks/new with {} and HTTP headers {"HTTP_REFERER"=>"/tasks"}
REQUESTING PAGE: GET /users/sign_in with {} and HTTP headers {}
REQUESTING PAGE: POST /users/sign_in with {"commit"=>"Sign in", "utf8"=>"\342\234\223", "user"=>{"remember_me"=>"0", "password"=>"secretpass", "email"=>"testing@man.net"}} and HTTP headers {"HTTP_REFERER"=>"/users/sign_in"}
REQUESTING PAGE: GET /tasks/new with {} and HTTP headers {"HTTP_REFERER"=>"/users/sign_in"}
REQUESTING PAGE: POST /tasks with {"commit"=>"przeslij", "utf8"=>"\342\234\223", "task"=>{"name"=>"Pierwsze zadanie", "deadline(1i)"=>"2010-12-24", "deadline(2i)"=>"11", "priority"=>"1", "progress"=>"1", "deadline(3i)"=>"22", "user_id"=>"1", "description"=>"Opis pierwszego zadania"}} and HTTP headers {"HTTP_REFERER"=>"/tasks/new"}
REQUESTING PAGE: GET /tasks with {} and HTTP headers {"HTTP_REFERER"=>"/tasks"}
REQUESTING PAGE: GET /users/sign_in with {} and HTTP headers {}
REQUESTING PAGE: POST /users/sign_in with {"commit"=>"Sign in", "utf8"=>"\342\234\223", "user"=>{"remember_me"=>"0", "password"=>"secretpass", "email"=>"testing@man.net"}} and HTTP headers {"HTTP_REFERER"=>"/users/sign_in"}
REQUESTING PAGE: GET /users/sign_in with {} and HTTP headers {}
REQUESTING PAGE: POST /users/sign_in with {"commit"=>"Sign in", "utf8"=>"\342\234\223", "user"=>{"remember_me"=>"0", "password"=>"secretpass", "email"=>"testing@man.net"}} and HTTP headers {"HTTP_REFERER"=>"/users/sign_in"}
REQUESTING PAGE: GET /tasks with {} and HTTP headers {"HTTP_REFERER"=>"/users/sign_in"}
REQUESTING PAGE: GET /tasks/new with {} and HTTP headers {"HTTP_REFERER"=>"/tasks"}
REQUESTING PAGE: GET /users/sign_in with {} and HTTP headers {}
REQUESTING PAGE: POST /users/sign_in with {"commit"=>"Sign in", "utf8"=>"\342\234\223", "user"=>{"remember_me"=>"0", "password"=>"secretpass", "email"=>"testing@man.net"}} and HTTP headers {"HTTP_REFERER"=>"/users/sign_in"}
REQUESTING PAGE: GET /tasks/new with {} and HTTP headers {"HTTP_REFERER"=>"/users/sign_in"}
REQUESTING PAGE: POST /tasks with {"commit"=>"przeslij", "utf8"=>"\342\234\223", "task"=>{"name"=>"Pierwsze zadanie", "deadline(1i)"=>"2010-12-24", "deadline(2i)"=>"11", "priority"=>"1", "progress"=>"1", "deadline(3i)"=>"22", "user_id"=>"1", "description"=>"Opis pierwszego zadania"}} and HTTP headers {"HTTP_REFERER"=>"/tasks/new"}
REQUESTING PAGE: GET /tasks with {} and HTTP headers {"HTTP_REFERER"=>"/tasks"}
REQUESTING PAGE: GET /users/sign_in with {} and HTTP headers {}
REQUESTING PAGE: POST /users/sign_in with {"commit"=>"Sign in", "utf8"=>"\342\234\223", "user"=>{"remember_me"=>"0", "password"=>"secretpass", "email"=>"testing@man.net"}} and HTTP headers {"HTTP_REFERER"=>"/users/sign_in"}
REQUESTING PAGE: GET /tasks/new with {} and HTTP headers {"HTTP_REFERER"=>"/users/sign_in"}
REQUESTING PAGE: GET /users/sign_in with {} and HTTP headers {}
REQUESTING PAGE: POST /users/sign_in with {"commit"=>"Sign in", "utf8"=>"\342\234\223", "user"=>{"remember_me"=>"0", "password"=>"secretpass", "email"=>"testing@man.net"}} and HTTP headers {"HTTP_REFERER"=>"/users/sign_in"}
REQUESTING PAGE: GET /tasks with {} and HTTP headers {"HTTP_REFERER"=>"/users/sign_in"}
REQUESTING PAGE: GET /tasks/new with {} and HTTP headers {"HTTP_REFERER"=>"/tasks"}
REQUESTING PAGE: GET /users/sign_in with {} and HTTP headers {}
REQUESTING PAGE: POST /users/sign_in with {"commit"=>"Sign in", "utf8"=>"\342\234\223", "user"=>{"remember_me"=>"0", "password"=>"secretpass", "email"=>"testing@man.net"}} and HTTP headers {"HTTP_REFERER"=>"/users/sign_in"}
REQUESTING PAGE: GET /tasks/new with {} and HTTP headers {"HTTP_REFERER"=>"/users/sign_in"}
REQUESTING PAGE: POST /tasks with {"commit"=>"przeslij", "utf8"=>"\342\234\223", "task"=>{"name"=>"Pierwsze zadanie", "deadline(1i)"=>"2010-12-24", "deadline(2i)"=>"11", "priority"=>"1", "progress"=>"1", "deadline(3i)"=>"22", "user_id"=>"1", "description"=>"Opis pierwszego zadania"}} and HTTP headers {"HTTP_REFERER"=>"/tasks/new"}
REQUESTING PAGE: GET /tasks with {} and HTTP headers {"HTTP_REFERER"=>"/tasks"}
REQUESTING PAGE: GET /users/sign_in with {} and HTTP headers {}
REQUESTING PAGE: POST /users/sign_in with {"commit"=>"Sign in", "utf8"=>"\342\234\223", "user"=>{"remember_me"=>"0", "password"=>"secretpass", "email"=>"testing@man.net"}} and HTTP headers {"HTTP_REFERER"=>"/users/sign_in"}
REQUESTING PAGE: GET /tasks/new with {} and HTTP headers {"HTTP_REFERER"=>"/users/sign_in"}
REQUESTING PAGE: GET /users/sign_in with {} and HTTP headers {}
REQUESTING PAGE: POST /users/sign_in with {"commit"=>"Sign in", "utf8"=>"\342\234\223", "user"=>{"remember_me"=>"0", "password"=>"secretpass", "email"=>"testing@man.net"}} and HTTP headers {"HTTP_REFERER"=>"/users/sign_in"}
REQUESTING PAGE: GET /tasks with {} and HTTP headers {"HTTP_REFERER"=>"/users/sign_in"}
REQUESTING PAGE: GET /tasks/new with {} and HTTP headers {"HTTP_REFERER"=>"/tasks"}
REQUESTING PAGE: GET /users/sign_in with {} and HTTP headers {}
REQUESTING PAGE: POST /users/sign_in with {"commit"=>"Sign in", "utf8"=>"\342\234\223", "user"=>{"remember_me"=>"0", "password"=>"secretpass", "email"=>"testing@man.net"}} and HTTP headers {"HTTP_REFERER"=>"/users/sign_in"}
REQUESTING PAGE: GET /tasks/new with {} and HTTP headers {"HTTP_REFERER"=>"/users/sign_in"}
REQUESTING PAGE: POST /tasks with {"commit"=>"przeslij", "utf8"=>"\342\234\223", "task"=>{"name"=>"Pierwsze zadanie", "deadline(1i)"=>"2010-12-24", "deadline(2i)"=>"11", "priority"=>"1", "progress"=>"1", "deadline(3i)"=>"22", "user_id"=>"1", "description"=>"Opis pierwszego zadania"}} and HTTP headers {"HTTP_REFERER"=>"/tasks/new"}
REQUESTING PAGE: GET /tasks with {} and HTTP headers {"HTTP_REFERER"=>"/tasks"}
REQUESTING PAGE: GET /users/sign_in with {} and HTTP headers {}
REQUESTING PAGE: POST /users/sign_in with {"commit"=>"Sign in", "utf8"=>"\342\234\223", "user"=>{"remember_me"=>"0", "password"=>"secretpass", "email"=>"testing@man.net"}} and HTTP headers {"HTTP_REFERER"=>"/users/sign_in"}
REQUESTING PAGE: GET /tasks/new with {} and HTTP headers {"HTTP_REFERER"=>"/users/sign_in"}
REQUESTING PAGE: GET /users/sign_in with {} and HTTP headers {}
REQUESTING PAGE: POST /users/sign_in with {"commit"=>"Sign in", "utf8"=>"\342\234\223", "user"=>{"remember_me"=>"0", "password"=>"secretpass", "email"=>"testing@man.net"}} and HTTP headers {"HTTP_REFERER"=>"/users/sign_in"}
REQUESTING PAGE: GET /tasks with {} and HTTP headers {"HTTP_REFERER"=>"/users/sign_in"}
REQUESTING PAGE: GET /tasks/new with {} and HTTP headers {"HTTP_REFERER"=>"/tasks"}
REQUESTING PAGE: GET /users/sign_in with {} and HTTP headers {}
REQUESTING PAGE: POST /users/sign_in with {"commit"=>"Sign in", "utf8"=>"\342\234\223", "user"=>{"remember_me"=>"0", "password"=>"secretpass", "email"=>"testing@man.net"}} and HTTP headers {"HTTP_REFERER"=>"/users/sign_in"}
REQUESTING PAGE: GET /tasks/new with {} and HTTP headers {"HTTP_REFERER"=>"/users/sign_in"}
REQUESTING PAGE: POST /tasks with {"commit"=>"przeslij", "utf8"=>"\342\234\223", "task"=>{"name"=>"Pierwsze zadanie", "deadline(1i)"=>"2010-12-24", "deadline(2i)"=>"11", "priority"=>"1", "progress"=>"1", "deadline(3i)"=>"22", "user_id"=>"1", "description"=>"Opis pierwszego zadania"}} and HTTP headers {"HTTP_REFERER"=>"/tasks/new"}
REQUESTING PAGE: GET /tasks with {} and HTTP headers {"HTTP_REFERER"=>"/tasks"}
REQUESTING PAGE: GET /users/sign_in with {} and HTTP headers {}
REQUESTING PAGE: POST /users/sign_in with {"commit"=>"Sign in", "utf8"=>"\342\234\223", "user"=>{"remember_me"=>"0", "password"=>"secretpass", "email"=>"testing@man.net"}} and HTTP headers {"HTTP_REFERER"=>"/users/sign_in"}
REQUESTING PAGE: GET /tasks/new with {} and HTTP headers {"HTTP_REFERER"=>"/users/sign_in"}
REQUESTING PAGE: GET /users/sign_in with {} and HTTP headers {}
REQUESTING PAGE: POST /users/sign_in with {"commit"=>"Sign in", "utf8"=>"\342\234\223", "user"=>{"remember_me"=>"0", "password"=>"secretpass", "email"=>"testing@man.net"}} and HTTP headers {"HTTP_REFERER"=>"/users/sign_in"}
REQUESTING PAGE: GET /tasks with {} and HTTP headers {"HTTP_REFERER"=>"/users/sign_in"}
REQUESTING PAGE: GET /tasks/new with {} and HTTP headers {"HTTP_REFERER"=>"/tasks"}
REQUESTING PAGE: GET /users/sign_in with {} and HTTP headers {}
REQUESTING PAGE: POST /users/sign_in with {"commit"=>"Sign in", "utf8"=>"\342\234\223", "user"=>{"remember_me"=>"0", "password"=>"secretpass", "email"=>"testing@man.net"}} and HTTP headers {"HTTP_REFERER"=>"/users/sign_in"}
REQUESTING PAGE: GET /tasks/new with {} and HTTP headers {"HTTP_REFERER"=>"/users/sign_in"}
REQUESTING PAGE: POST /tasks with {"commit"=>"przeslij", "utf8"=>"\342\234\223", "task"=>{"name"=>"Pierwsze zadanie", "deadline(1i)"=>"2010-12-24", "deadline(2i)"=>"11", "priority"=>"1", "progress"=>"1", "deadline(3i)"=>"22", "user_id"=>"1", "description"=>"Opis pierwszego zadania"}} and HTTP headers {"HTTP_REFERER"=>"/tasks/new"}
REQUESTING PAGE: GET /tasks with {} and HTTP headers {"HTTP_REFERER"=>"/tasks"}
REQUESTING PAGE: GET /users/sign_in with {} and HTTP headers {}
REQUESTING PAGE: POST /users/sign_in with {"commit"=>"Sign in", "utf8"=>"\342\234\223", "user"=>{"remember_me"=>"0", "password"=>"secretpass", "email"=>"testing@man.net"}} and HTTP headers {"HTTP_REFERER"=>"/users/sign_in"}
REQUESTING PAGE: GET /tasks/new with {} and HTTP headers {"HTTP_REFERER"=>"/users/sign_in"}
REQUESTING PAGE: GET /users/sign_in with {} and HTTP headers {}
REQUESTING PAGE: POST /users/sign_in with {"commit"=>"Sign in", "utf8"=>"\342\234\223", "user"=>{"remember_me"=>"0", "password"=>"secretpass", "email"=>"testing@man.net"}} and HTTP headers {"HTTP_REFERER"=>"/users/sign_in"}
REQUESTING PAGE: GET /tasks with {} and HTTP headers {"HTTP_REFERER"=>"/users/sign_in"}
REQUESTING PAGE: GET /tasks/new with {} and HTTP headers {"HTTP_REFERER"=>"/tasks"}
REQUESTING PAGE: GET /users/sign_in with {} and HTTP headers {}
REQUESTING PAGE: POST /users/sign_in with {"commit"=>"Sign in", "utf8"=>"\342\234\223", "user"=>{"remember_me"=>"0", "password"=>"secretpass", "email"=>"testing@man.net"}} and HTTP headers {"HTTP_REFERER"=>"/users/sign_in"}
REQUESTING PAGE: GET /tasks/new with {} and HTTP headers {"HTTP_REFERER"=>"/users/sign_in"}
REQUESTING PAGE: GET /users/sign_in with {} and HTTP headers {}
REQUESTING PAGE: POST /users/sign_in with {"commit"=>"Sign in", "utf8"=>"\342\234\223", "user"=>{"remember_me"=>"0", "password"=>"secretpass", "email"=>"testing@man.net"}} and HTTP headers {"HTTP_REFERER"=>"/users/sign_in"}
REQUESTING PAGE: GET /tasks/new with {} and HTTP headers {"HTTP_REFERER"=>"/users/sign_in"}
REQUESTING PAGE: GET /users/sign_in with {} and HTTP headers {}
REQUESTING PAGE: POST /users/sign_in with {"commit"=>"Sign in", "utf8"=>"\342\234\223", "user"=>{"remember_me"=>"0", "password"=>"secretpass", "email"=>"testing@man.net"}} and HTTP headers {"HTTP_REFERER"=>"/users/sign_in"}
REQUESTING PAGE: GET /tasks with {} and HTTP headers {"HTTP_REFERER"=>"/users/sign_in"}
REQUESTING PAGE: GET /tasks/new with {} and HTTP headers {"HTTP_REFERER"=>"/tasks"}
REQUESTING PAGE: GET /users/sign_in with {} and HTTP headers {}
REQUESTING PAGE: POST /users/sign_in with {"commit"=>"Sign in", "utf8"=>"\342\234\223", "user"=>{"remember_me"=>"0", "password"=>"secretpass", "email"=>"testing@man.net"}} and HTTP headers {"HTTP_REFERER"=>"/users/sign_in"}
REQUESTING PAGE: GET /tasks/new with {} and HTTP headers {"HTTP_REFERER"=>"/users/sign_in"}
REQUESTING PAGE: POST /tasks with {"commit"=>"przeslij", "utf8"=>"\342\234\223", "task"=>{"name"=>"Pierwsze zadanie", "deadline(1i)"=>"2010-12-24", "deadline(2i)"=>"11", "priority"=>"1", "progress"=>"1", "deadline(3i)"=>"22", "user_id"=>"1", "description"=>"Opis pierwszego zadania"}} and HTTP headers {"HTTP_REFERER"=>"/tasks/new"}
REQUESTING PAGE: GET /tasks with {} and HTTP headers {"HTTP_REFERER"=>"/tasks"}
REQUESTING PAGE: GET /users/sign_in with {} and HTTP headers {}
REQUESTING PAGE: POST /users/sign_in with {"commit"=>"Sign in", "utf8"=>"\342\234\223", "user"=>{"remember_me"=>"0", "password"=>"secretpass", "email"=>"testing@man.net"}} and HTTP headers {"HTTP_REFERER"=>"/users/sign_in"}
REQUESTING PAGE: GET /tasks/new with {} and HTTP headers {"HTTP_REFERER"=>"/users/sign_in"}
REQUESTING PAGE: GET /users/sign_in with {} and HTTP headers {}
REQUESTING PAGE: POST /users/sign_in with {"commit"=>"Sign in", "utf8"=>"\342\234\223", "user"=>{"remember_me"=>"0", "password"=>"secretpass", "email"=>"testing@man.net"}} and HTTP headers {"HTTP_REFERER"=>"/users/sign_in"}
REQUESTING PAGE: GET /tasks with {} and HTTP headers {"HTTP_REFERER"=>"/users/sign_in"}
REQUESTING PAGE: GET /tasks/new with {} and HTTP headers {"HTTP_REFERER"=>"/tasks"}
REQUESTING PAGE: GET /users/sign_in with {} and HTTP headers {}
REQUESTING PAGE: POST /users/sign_in with {"commit"=>"Sign in", "utf8"=>"\342\234\223", "user"=>{"remember_me"=>"0", "password"=>"secretpass", "email"=>"testing@man.net"}} and HTTP headers {"HTTP_REFERER"=>"/users/sign_in"}
REQUESTING PAGE: GET /tasks/new with {} and HTTP headers {"HTTP_REFERER"=>"/users/sign_in"}
REQUESTING PAGE: POST /tasks with {"commit"=>"przeslij", "utf8"=>"\342\234\223", "task"=>{"name"=>"Pierwsze zadanie", "deadline(1i)"=>"2010-12-24", "deadline(2i)"=>"11", "priority"=>"1", "progress"=>"1", "deadline(3i)"=>"22", "user_id"=>"1", "description"=>"Opis pierwszego zadania"}} and HTTP headers {"HTTP_REFERER"=>"/tasks/new"}
REQUESTING PAGE: GET /tasks with {} and HTTP headers {"HTTP_REFERER"=>"/tasks"}
REQUESTING PAGE: GET /users/sign_in with {} and HTTP headers {}
REQUESTING PAGE: POST /users/sign_in with {"commit"=>"Sign in", "utf8"=>"\342\234\223", "user"=>{"remember_me"=>"0", "password"=>"secretpass", "email"=>"testing@man.net"}} and HTTP headers {"HTTP_REFERER"=>"/users/sign_in"}
REQUESTING PAGE: GET /tasks/new with {} and HTTP headers {"HTTP_REFERER"=>"/users/sign_in"}
REQUESTING PAGE: GET /users/sign_in with {} and HTTP headers {}
REQUESTING PAGE: POST /users/sign_in with {"commit"=>"Sign in", "utf8"=>"\342\234\223", "user"=>{"remember_me"=>"0", "password"=>"secretpass", "email"=>"testing@man.net"}} and HTTP headers {"HTTP_REFERER"=>"/users/sign_in"}
REQUESTING PAGE: GET /tasks with {} and HTTP headers {"HTTP_REFERER"=>"/users/sign_in"}
REQUESTING PAGE: GET /tasks/new with {} and HTTP headers {"HTTP_REFERER"=>"/tasks"}
REQUESTING PAGE: GET /users/sign_in with {} and HTTP headers {}
REQUESTING PAGE: POST /users/sign_in with {"commit"=>"Sign in", "utf8"=>"\342\234\223", "user"=>{"remember_me"=>"0", "password"=>"secretpass", "email"=>"testing@man.net"}} and HTTP headers {"HTTP_REFERER"=>"/users/sign_in"}
REQUESTING PAGE: GET /tasks/new with {} and HTTP headers {"HTTP_REFERER"=>"/users/sign_in"}
REQUESTING PAGE: POST /tasks with {"commit"=>"przeslij", "utf8"=>"\342\234\223", "task"=>{"name"=>"Pierwsze zadanie", "deadline(1i)"=>"2010-12-24", "deadline(2i)"=>"11", "priority"=>"1", "progress"=>"1", "deadline(3i)"=>"22", "user_id"=>"1", "description"=>"Opis pierwszego zadania"}} and HTTP headers {"HTTP_REFERER"=>"/tasks/new"}
REQUESTING PAGE: GET /tasks with {} and HTTP headers {"HTTP_REFERER"=>"/tasks"}
REQUESTING PAGE: GET /users/sign_in with {} and HTTP headers {}
REQUESTING PAGE: POST /users/sign_in with {"commit"=>"Sign in", "utf8"=>"\342\234\223", "user"=>{"remember_me"=>"0", "password"=>"secretpass", "email"=>"testing@man.net"}} and HTTP headers {"HTTP_REFERER"=>"/users/sign_in"}
REQUESTING PAGE: GET /tasks/new with {} and HTTP headers {"HTTP_REFERER"=>"/users/sign_in"}
REQUESTING PAGE: GET /users/sign_in with {} and HTTP headers {}
REQUESTING PAGE: POST /users/sign_in with {"commit"=>"Sign in", "utf8"=>"\342\234\223", "user"=>{"remember_me"=>"0", "password"=>"secretpass", "email"=>"testing@man.net"}} and HTTP headers {"HTTP_REFERER"=>"/users/sign_in"}
REQUESTING PAGE: GET /tasks with {} and HTTP headers {"HTTP_REFERER"=>"/users/sign_in"}
REQUESTING PAGE: GET /tasks/new with {} and HTTP headers {"HTTP_REFERER"=>"/tasks"}
REQUESTING PAGE: GET /users/sign_in with {} and HTTP headers {}
REQUESTING PAGE: POST /users/sign_in with {"commit"=>"Sign in", "utf8"=>"\342\234\223", "user"=>{"remember_me"=>"0", "password"=>"secretpass", "email"=>"testing@man.net"}} and HTTP headers {"HTTP_REFERER"=>"/users/sign_in"}
REQUESTING PAGE: GET /tasks/new with {} and HTTP headers {"HTTP_REFERER"=>"/users/sign_in"}
REQUESTING PAGE: POST /tasks with {"commit"=>"przeslij", "utf8"=>"\342\234\223", "task"=>{"name"=>"Pierwsze zadanie", "deadline(1i)"=>"2010-12-24", "deadline(2i)"=>"11", "priority"=>"1", "progress"=>"1", "deadline(3i)"=>"22", "user_id"=>"1", "description"=>"Opis pierwszego zadania"}} and HTTP headers {"HTTP_REFERER"=>"/tasks/new"}
REQUESTING PAGE: GET /tasks with {} and HTTP headers {"HTTP_REFERER"=>"/tasks"}
REQUESTING PAGE: GET /users/sign_in with {} and HTTP headers {}
REQUESTING PAGE: POST /users/sign_in with {"commit"=>"Sign in", "utf8"=>"\342\234\223", "user"=>{"remember_me"=>"0", "password"=>"secretpass", "email"=>"testing@man.net"}} and HTTP headers {"HTTP_REFERER"=>"/users/sign_in"}
REQUESTING PAGE: GET /tasks/new with {} and HTTP headers {"HTTP_REFERER"=>"/users/sign_in"}
REQUESTING PAGE: POST /tasks with {"commit"=>"przeslij", "utf8"=>"\342\234\223", "task"=>{"name"=>"Pierwsze zadanie", "deadline(1i)"=>"2010-12-24", "deadline(2i)"=>"11", "priority"=>"1", "progress"=>"1", "deadline(3i)"=>"22", "user_id"=>"1", "description"=>"Opis pierwszego zadania"}} and HTTP headers {"HTTP_REFERER"=>"/tasks/new"}
REQUESTING PAGE: GET /tasks with {} and HTTP headers {"HTTP_REFERER"=>"/tasks"}
REQUESTING PAGE: GET /users/sign_in with {} and HTTP headers {}
REQUESTING PAGE: POST /users/sign_in with {"commit"=>"Sign in", "utf8"=>"\342\234\223", "user"=>{"remember_me"=>"0", "password"=>"secretpass", "email"=>"testing@man.net"}} and HTTP headers {"HTTP_REFERER"=>"/users/sign_in"}
REQUESTING PAGE: GET /tasks with {} and HTTP headers {"HTTP_REFERER"=>"/users/sign_in"}
REQUESTING PAGE: GET /tasks/new with {} and HTTP headers {"HTTP_REFERER"=>"/tasks"}
REQUESTING PAGE: GET /users/sign_in with {} and HTTP headers {}
REQUESTING PAGE: POST /users/sign_in with {"commit"=>"Sign in", "utf8"=>"\342\234\223", "user"=>{"remember_me"=>"0", "password"=>"secretpass", "email"=>"testing@man.net"}} and HTTP headers {"HTTP_REFERER"=>"/users/sign_in"}
REQUESTING PAGE: GET /tasks/new with {} and HTTP headers {"HTTP_REFERER"=>"/users/sign_in"}
REQUESTING PAGE: POST /tasks with {"commit"=>"przeslij", "utf8"=>"\342\234\223", "task"=>{"name"=>"Pierwsze zadanie", "deadline(1i)"=>"2010-12-24", "deadline(2i)"=>"11", "priority"=>"1", "progress"=>"1", "deadline(3i)"=>"22", "user_id"=>"1", "description"=>"Opis pierwszego zadania"}} and HTTP headers {"HTTP_REFERER"=>"/tasks/new"}
REQUESTING PAGE: GET /tasks with {} and HTTP headers {"HTTP_REFERER"=>"/tasks"}
REQUESTING PAGE: GET /users/sign_in with {} and HTTP headers {}
REQUESTING PAGE: POST /users/sign_in with {"commit"=>"Sign in", "utf8"=>"\342\234\223", "user"=>{"remember_me"=>"0", "password"=>"secretpass", "email"=>"testing@man.net"}} and HTTP headers {"HTTP_REFERER"=>"/users/sign_in"}
REQUESTING PAGE: GET /tasks/new with {} and HTTP headers {"HTTP_REFERER"=>"/users/sign_in"}
REQUESTING PAGE: POST /tasks with {"commit"=>"przeslij", "utf8"=>"\342\234\223", "task"=>{"name"=>"Pierwsze zadanie", "deadline(1i)"=>"2010-12-24", "deadline(2i)"=>"11", "priority"=>"1", "progress"=>"1", "deadline(3i)"=>"22", "user_id"=>"1", "description"=>"Opis pierwszego zadania"}} and HTTP headers {"HTTP_REFERER"=>"/tasks/new"}
REQUESTING PAGE: GET /tasks with {} and HTTP headers {"HTTP_REFERER"=>"/tasks"}
REQUESTING PAGE: GET /users/sign_in with {} and HTTP headers {}
REQUESTING PAGE: POST /users/sign_in with {"commit"=>"Sign in", "utf8"=>"\342\234\223", "user"=>{"remember_me"=>"0", "password"=>"secretpass", "email"=>"testing@man.net"}} and HTTP headers {"HTTP_REFERER"=>"/users/sign_in"}
REQUESTING PAGE: GET /tasks with {} and HTTP headers {"HTTP_REFERER"=>"/users/sign_in"}
REQUESTING PAGE: GET /tasks/new with {} and HTTP headers {"HTTP_REFERER"=>"/tasks"}
REQUESTING PAGE: GET /users/sign_in with {} and HTTP headers {}
REQUESTING PAGE: POST /users/sign_in with {"commit"=>"Sign in", "utf8"=>"\342\234\223", "user"=>{"remember_me"=>"0", "password"=>"secretpass", "email"=>"testing@man.net"}} and HTTP headers {"HTTP_REFERER"=>"/users/sign_in"}
REQUESTING PAGE: GET /tasks/new with {} and HTTP headers {"HTTP_REFERER"=>"/users/sign_in"}
REQUESTING PAGE: POST /tasks with {"commit"=>"przeslij", "utf8"=>"\342\234\223", "task"=>{"name"=>"Pierwsze zadanie", "deadline(1i)"=>"2010-12-24", "deadline(2i)"=>"11", "priority"=>"1", "progress"=>"1", "deadline(3i)"=>"22", "user_id"=>"1", "description"=>"Opis pierwszego zadania"}} and HTTP headers {"HTTP_REFERER"=>"/tasks/new"}
REQUESTING PAGE: GET /tasks with {} and HTTP headers {"HTTP_REFERER"=>"/tasks"}
REQUESTING PAGE: GET /users/sign_in with {} and HTTP headers {}
REQUESTING PAGE: POST /users/sign_in with {"commit"=>"Sign in", "utf8"=>"\342\234\223", "user"=>{"remember_me"=>"0", "password"=>"secretpass", "email"=>"testing@man.net"}} and HTTP headers {"HTTP_REFERER"=>"/users/sign_in"}
REQUESTING PAGE: GET /tasks/new with {} and HTTP headers {"HTTP_REFERER"=>"/users/sign_in"}
REQUESTING PAGE: POST /tasks with {"commit"=>"przeslij", "utf8"=>"\342\234\223", "task"=>{"name"=>"Pierwsze zadanie", "deadline(1i)"=>"2010-12-24", "deadline(2i)"=>"11", "priority"=>"1", "progress"=>"1", "deadline(3i)"=>"22", "user_id"=>"1", "description"=>"Opis pierwszego zadania"}} and HTTP headers {"HTTP_REFERER"=>"/tasks/new"}
REQUESTING PAGE: GET /tasks with {} and HTTP headers {"HTTP_REFERER"=>"/tasks"}
REQUESTING PAGE: GET /users/sign_in with {} and HTTP headers {}
REQUESTING PAGE: POST /users/sign_in with {"commit"=>"Sign in", "utf8"=>"\342\234\223", "user"=>{"remember_me"=>"0", "password"=>"secretpass", "email"=>"testing@man.net"}} and HTTP headers {"HTTP_REFERER"=>"/users/sign_in"}
REQUESTING PAGE: GET /tasks with {} and HTTP headers {"HTTP_REFERER"=>"/users/sign_in"}
REQUESTING PAGE: GET /tasks/new with {} and HTTP headers {"HTTP_REFERER"=>"/tasks"}
REQUESTING PAGE: GET /users/sign_in with {} and HTTP headers {}
REQUESTING PAGE: POST /users/sign_in with {"commit"=>"Sign in", "utf8"=>"\342\234\223", "user"=>{"remember_me"=>"0", "password"=>"secretpass", "email"=>"testing@man.net"}} and HTTP headers {"HTTP_REFERER"=>"/users/sign_in"}
REQUESTING PAGE: GET /tasks/new with {} and HTTP headers {"HTTP_REFERER"=>"/users/sign_in"}
REQUESTING PAGE: POST /tasks with {"commit"=>"przeslij", "utf8"=>"\342\234\223", "task"=>{"name"=>"Pierwsze zadanie", "deadline(1i)"=>"2010-12-24", "deadline(2i)"=>"11", "priority"=>"1", "progress"=>"1", "deadline(3i)"=>"22", "user_id"=>"1", "description"=>"Opis pierwszego zadania"}} and HTTP headers {"HTTP_REFERER"=>"/tasks/new"}
REQUESTING PAGE: GET /tasks with {} and HTTP headers {"HTTP_REFERER"=>"/tasks"}
REQUESTING PAGE: GET /users/sign_in with {} and HTTP headers {}
REQUESTING PAGE: POST /users/sign_in with {"commit"=>"Sign in", "utf8"=>"\342\234\223", "user"=>{"remember_me"=>"0", "password"=>"secretpass", "email"=>"testing@man.net"}} and HTTP headers {"HTTP_REFERER"=>"/users/sign_in"}
REQUESTING PAGE: GET /tasks/new with {} and HTTP headers {"HTTP_REFERER"=>"/users/sign_in"}
REQUESTING PAGE: POST /tasks with {"commit"=>"przeslij", "utf8"=>"\342\234\223", "task"=>{"name"=>"Pierwsze zadanie", "deadline(1i)"=>"2010-12-24", "deadline(2i)"=>"11", "priority"=>"1", "progress"=>"1", "deadline(3i)"=>"22", "user_id"=>"1", "description"=>"Opis pierwszego zadania"}} and HTTP headers {"HTTP_REFERER"=>"/tasks/new"}
REQUESTING PAGE: GET /tasks with {} and HTTP headers {"HTTP_REFERER"=>"/tasks"}
REQUESTING PAGE: GET /tasks/1/edit with {} and HTTP headers {"HTTP_REFERER"=>"/tasks"}
REQUESTING PAGE: POST /tasks/1 with {"commit"=>"przeslij", "_method"=>"put", "utf8"=>"\342\234\223", "task"=>{"name"=>"Wyedtyowane zadanie", "deadline(1i)"=>"2010-12-24", "deadline(2i)"=>"11", "priority"=>"1", "progress"=>"1", "deadline(3i)"=>"22", "user_id"=>"1", "description"=>"Opis wyedytowanego zadania"}} and HTTP headers {"HTTP_REFERER"=>"/tasks/1/edit"}
REQUESTING PAGE: GET /tasks with {} and HTTP headers {"HTTP_REFERER"=>"/tasks/1"}
REQUESTING PAGE: GET /users/sign_in with {} and HTTP headers {}
REQUESTING PAGE: POST /users/sign_in with {"commit"=>"Sign in", "utf8"=>"\342\234\223", "user"=>{"remember_me"=>"0", "password"=>"secretpass", "email"=>"testing@man.net"}} and HTTP headers {"HTTP_REFERER"=>"/users/sign_in"}
REQUESTING PAGE: GET /tasks with {} and HTTP headers {"HTTP_REFERER"=>"/users/sign_in"}
REQUESTING PAGE: GET /tasks/new with {} and HTTP headers {"HTTP_REFERER"=>"/tasks"}
REQUESTING PAGE: GET /users/sign_in with {} and HTTP headers {}
REQUESTING PAGE: POST /users/sign_in with {"commit"=>"Sign in", "utf8"=>"\342\234\223", "user"=>{"remember_me"=>"0", "password"=>"secretpass", "email"=>"testing@man.net"}} and HTTP headers {"HTTP_REFERER"=>"/users/sign_in"}
REQUESTING PAGE: GET /tasks/new with {} and HTTP headers {"HTTP_REFERER"=>"/users/sign_in"}
REQUESTING PAGE: POST /tasks with {"commit"=>"przeslij", "utf8"=>"\342\234\223", "task"=>{"name"=>"Pierwsze zadanie", "deadline(1i)"=>"2010-12-24", "deadline(2i)"=>"11", "priority"=>"1", "progress"=>"1", "deadline(3i)"=>"22", "user_id"=>"1", "description"=>"Opis pierwszego zadania"}} and HTTP headers {"HTTP_REFERER"=>"/tasks/new"}
REQUESTING PAGE: GET /tasks with {} and HTTP headers {"HTTP_REFERER"=>"/tasks"}
REQUESTING PAGE: GET /users/sign_in with {} and HTTP headers {}
REQUESTING PAGE: POST /users/sign_in with {"commit"=>"Sign in", "utf8"=>"\342\234\223", "user"=>{"remember_me"=>"0", "password"=>"secretpass", "email"=>"testing@man.net"}} and HTTP headers {"HTTP_REFERER"=>"/users/sign_in"}
REQUESTING PAGE: GET /tasks/new with {} and HTTP headers {"HTTP_REFERER"=>"/users/sign_in"}
REQUESTING PAGE: POST /tasks with {"commit"=>"przeslij", "utf8"=>"\342\234\223", "task"=>{"name"=>"Pierwsze zadanie", "deadline(1i)"=>"2010-12-24", "deadline(2i)"=>"11", "priority"=>"1", "progress"=>"1", "deadline(3i)"=>"22", "user_id"=>"1", "description"=>"Opis pierwszego zadania"}} and HTTP headers {"HTTP_REFERER"=>"/tasks/new"}
REQUESTING PAGE: GET /tasks with {} and HTTP headers {"HTTP_REFERER"=>"/tasks"}
REQUESTING PAGE: GET /tasks/1/edit with {} and HTTP headers {"HTTP_REFERER"=>"/tasks"}
REQUESTING PAGE: POST /tasks/1 with {"commit"=>"przeslij", "_method"=>"put", "utf8"=>"\342\234\223", "task"=>{"name"=>"Wyedtyowane zadanie", "deadline(1i)"=>"2010-12-24", "deadline(2i)"=>"11", "priority"=>"1", "progress"=>"1", "deadline(3i)"=>"22", "user_id"=>"1", "description"=>"Opis wyedytowanego zadania"}} and HTTP headers {"HTTP_REFERER"=>"/tasks/1/edit"}
REQUESTING PAGE: GET /users/sign_in with {} and HTTP headers {}
REQUESTING PAGE: POST /users/sign_in with {"commit"=>"Sign in", "utf8"=>"\342\234\223", "user"=>{"remember_me"=>"0", "password"=>"secretpass", "email"=>"testing@man.net"}} and HTTP headers {"HTTP_REFERER"=>"/users/sign_in"}
REQUESTING PAGE: GET /tasks with {} and HTTP headers {"HTTP_REFERER"=>"/users/sign_in"}
REQUESTING PAGE: GET /tasks/new with {} and HTTP headers {"HTTP_REFERER"=>"/tasks"}
REQUESTING PAGE: GET /users/sign_in with {} and HTTP headers {}
REQUESTING PAGE: POST /users/sign_in with {"commit"=>"Sign in", "utf8"=>"\342\234\223", "user"=>{"remember_me"=>"0", "password"=>"secretpass", "email"=>"testing@man.net"}} and HTTP headers {"HTTP_REFERER"=>"/users/sign_in"}
REQUESTING PAGE: GET /tasks/new with {} and HTTP headers {"HTTP_REFERER"=>"/users/sign_in"}
REQUESTING PAGE: POST /tasks with {"commit"=>"przeslij", "utf8"=>"\342\234\223", "task"=>{"name"=>"Pierwsze zadanie", "deadline(1i)"=>"2010-12-24", "deadline(2i)"=>"11", "priority"=>"1", "progress"=>"1", "deadline(3i)"=>"22", "user_id"=>"1", "description"=>"Opis pierwszego zadania"}} and HTTP headers {"HTTP_REFERER"=>"/tasks/new"}
REQUESTING PAGE: GET /tasks with {} and HTTP headers {"HTTP_REFERER"=>"/tasks"}
REQUESTING PAGE: GET /users/sign_in with {} and HTTP headers {}
REQUESTING PAGE: POST /users/sign_in with {"commit"=>"Sign in", "utf8"=>"\342\234\223", "user"=>{"remember_me"=>"0", "password"=>"secretpass", "email"=>"testing@man.net"}} and HTTP headers {"HTTP_REFERER"=>"/users/sign_in"}
REQUESTING PAGE: GET /tasks/new with {} and HTTP headers {"HTTP_REFERER"=>"/users/sign_in"}
REQUESTING PAGE: POST /tasks with {"commit"=>"przeslij", "utf8"=>"\342\234\223", "task"=>{"name"=>"Pierwsze zadanie", "deadline(1i)"=>"2010-12-24", "deadline(2i)"=>"11", "priority"=>"1", "progress"=>"1", "deadline(3i)"=>"22", "user_id"=>"1", "description"=>"Opis pierwszego zadania"}} and HTTP headers {"HTTP_REFERER"=>"/tasks/new"}
REQUESTING PAGE: GET /tasks with {} and HTTP headers {"HTTP_REFERER"=>"/tasks"}
REQUESTING PAGE: GET /tasks/1/edit with {} and HTTP headers {"HTTP_REFERER"=>"/tasks"}
REQUESTING PAGE: POST /tasks/1 with {"commit"=>"przeslij", "_method"=>"put", "utf8"=>"\342\234\223", "task"=>{"name"=>"Wyedtyowane zadanie", "deadline(1i)"=>"2010-12-24", "deadline(2i)"=>"11", "priority"=>"1", "progress"=>"1", "deadline(3i)"=>"22", "user_id"=>"1", "description"=>"Opis wyedytowanego zadania"}} and HTTP headers {"HTTP_REFERER"=>"/tasks/1/edit"}
REQUESTING PAGE: GET /tasks with {} and HTTP headers {"HTTP_REFERER"=>"/tasks/1"}
REQUESTING PAGE: GET /users/sign_in with {} and HTTP headers {}
REQUESTING PAGE: POST /users/sign_in with {"commit"=>"Sign in", "utf8"=>"\342\234\223", "user"=>{"remember_me"=>"0", "password"=>"secretpass", "email"=>"testing@man.net"}} and HTTP headers {"HTTP_REFERER"=>"/users/sign_in"}
REQUESTING PAGE: GET /tasks with {} and HTTP headers {"HTTP_REFERER"=>"/users/sign_in"}
REQUESTING PAGE: GET /tasks/new with {} and HTTP headers {"HTTP_REFERER"=>"/tasks"}
REQUESTING PAGE: GET /users/sign_in with {} and HTTP headers {}
REQUESTING PAGE: POST /users/sign_in with {"commit"=>"Sign in", "utf8"=>"\342\234\223", "user"=>{"remember_me"=>"0", "password"=>"secretpass", "email"=>"testing@man.net"}} and HTTP headers {"HTTP_REFERER"=>"/users/sign_in"}
REQUESTING PAGE: GET /tasks/new with {} and HTTP headers {"HTTP_REFERER"=>"/users/sign_in"}
REQUESTING PAGE: POST /tasks with {"commit"=>"przeslij", "utf8"=>"\342\234\223", "task"=>{"name"=>"Pierwsze zadanie", "deadline(1i)"=>"2010-12-24", "deadline(2i)"=>"11", "priority"=>"1", "progress"=>"1", "deadline(3i)"=>"22", "user_id"=>"1", "description"=>"Opis pierwszego zadania"}} and HTTP headers {"HTTP_REFERER"=>"/tasks/new"}
REQUESTING PAGE: GET /tasks with {} and HTTP headers {"HTTP_REFERER"=>"/tasks"}
REQUESTING PAGE: GET /users/sign_in with {} and HTTP headers {}
REQUESTING PAGE: POST /users/sign_in with {"commit"=>"Sign in", "utf8"=>"\342\234\223", "user"=>{"remember_me"=>"0", "password"=>"secretpass", "email"=>"testing@man.net"}} and HTTP headers {"HTTP_REFERER"=>"/users/sign_in"}
REQUESTING PAGE: GET /tasks/new with {} and HTTP headers {"HTTP_REFERER"=>"/users/sign_in"}
REQUESTING PAGE: POST /tasks with {"commit"=>"przeslij", "utf8"=>"\342\234\223", "task"=>{"name"=>"Pierwsze zadanie", "deadline(1i)"=>"2010-12-24", "deadline(2i)"=>"11", "priority"=>"1", "progress"=>"1", "deadline(3i)"=>"22", "user_id"=>"1", "description"=>"Opis pierwszego zadania"}} and HTTP headers {"HTTP_REFERER"=>"/tasks/new"}
REQUESTING PAGE: GET /tasks with {} and HTTP headers {"HTTP_REFERER"=>"/tasks"}
REQUESTING PAGE: GET /tasks/1/edit with {} and HTTP headers {"HTTP_REFERER"=>"/tasks"}
REQUESTING PAGE: POST /tasks/1 with {"commit"=>"przeslij", "_method"=>"put", "utf8"=>"\342\234\223", "task"=>{"name"=>"Wyedtyowane zadanie", "deadline(1i)"=>"2010-12-24", "deadline(2i)"=>"11", "priority"=>"1", "progress"=>"1", "deadline(3i)"=>"22", "user_id"=>"1", "description"=>"Opis wyedytowanego zadania"}} and HTTP headers {"HTTP_REFERER"=>"/tasks/1/edit"}
REQUESTING PAGE: GET /tasks with {} and HTTP headers {"HTTP_REFERER"=>"/tasks/1"}
REQUESTING PAGE: GET /users/sign_in with {} and HTTP headers {}
REQUESTING PAGE: POST /users/sign_in with {"commit"=>"Sign in", "utf8"=>"\342\234\223", "user"=>{"remember_me"=>"0", "password"=>"secretpass", "email"=>"testing@man.net"}} and HTTP headers {"HTTP_REFERER"=>"/users/sign_in"}
REQUESTING PAGE: GET /tasks/new with {} and HTTP headers {"HTTP_REFERER"=>"/users/sign_in"}
REQUESTING PAGE: POST /tasks with {"commit"=>"przeslij", "utf8"=>"\342\234\223", "task"=>{"name"=>"Pierwsze zadanie", "deadline(1i)"=>"2010-12-24", "deadline(2i)"=>"11", "priority"=>"1", "progress"=>"1", "deadline(3i)"=>"22", "user_id"=>"1", "description"=>"Opis pierwszego zadania"}} and HTTP headers {"HTTP_REFERER"=>"/tasks/new"}
REQUESTING PAGE: GET /tasks with {} and HTTP headers {"HTTP_REFERER"=>"/tasks"}
REQUESTING PAGE: GET /tasks/1 with {} and HTTP headers {"HTTP_REFERER"=>"/tasks"}
REQUESTING PAGE: GET /tasks with {} and HTTP headers {"HTTP_REFERER"=>"/tasks/1"}
REQUESTING PAGE: GET /users/sign_in with {} and HTTP headers {}
REQUESTING PAGE: POST /users/sign_in with {"commit"=>"Sign in", "utf8"=>"\342\234\223", "user"=>{"remember_me"=>"0", "password"=>"secretpass", "email"=>"testing@man.net"}} and HTTP headers {"HTTP_REFERER"=>"/users/sign_in"}
REQUESTING PAGE: GET /tasks with {} and HTTP headers {"HTTP_REFERER"=>"/users/sign_in"}
REQUESTING PAGE: GET /tasks/new with {} and HTTP headers {"HTTP_REFERER"=>"/tasks"}
REQUESTING PAGE: GET /users/sign_in with {} and HTTP headers {}
REQUESTING PAGE: POST /users/sign_in with {"commit"=>"Sign in", "utf8"=>"\342\234\223", "user"=>{"remember_me"=>"0", "password"=>"secretpass", "email"=>"testing@man.net"}} and HTTP headers {"HTTP_REFERER"=>"/users/sign_in"}
REQUESTING PAGE: GET /tasks/new with {} and HTTP headers {"HTTP_REFERER"=>"/users/sign_in"}
REQUESTING PAGE: POST /tasks with {"commit"=>"przeslij", "utf8"=>"\342\234\223", "task"=>{"name"=>"Pierwsze zadanie", "deadline(1i)"=>"2010-12-24", "deadline(2i)"=>"11", "priority"=>"1", "progress"=>"1", "deadline(3i)"=>"22", "user_id"=>"1", "description"=>"Opis pierwszego zadania"}} and HTTP headers {"HTTP_REFERER"=>"/tasks/new"}
REQUESTING PAGE: GET /tasks with {} and HTTP headers {"HTTP_REFERER"=>"/tasks"}
REQUESTING PAGE: GET /users/sign_in with {} and HTTP headers {}
REQUESTING PAGE: POST /users/sign_in with {"commit"=>"Sign in", "utf8"=>"\342\234\223", "user"=>{"remember_me"=>"0", "password"=>"secretpass", "email"=>"testing@man.net"}} and HTTP headers {"HTTP_REFERER"=>"/users/sign_in"}
REQUESTING PAGE: GET /tasks/new with {} and HTTP headers {"HTTP_REFERER"=>"/users/sign_in"}
REQUESTING PAGE: POST /tasks with {"commit"=>"przeslij", "utf8"=>"\342\234\223", "task"=>{"name"=>"Pierwsze zadanie", "deadline(1i)"=>"2010-12-24", "deadline(2i)"=>"11", "priority"=>"1", "progress"=>"1", "deadline(3i)"=>"22", "user_id"=>"1", "description"=>"Opis pierwszego zadania"}} and HTTP headers {"HTTP_REFERER"=>"/tasks/new"}
REQUESTING PAGE: GET /tasks with {} and HTTP headers {"HTTP_REFERER"=>"/tasks"}
REQUESTING PAGE: GET /tasks/1/edit with {} and HTTP headers {"HTTP_REFERER"=>"/tasks"}
REQUESTING PAGE: POST /tasks/1 with {"commit"=>"przeslij", "_method"=>"put", "utf8"=>"\342\234\223", "task"=>{"name"=>"Wyedtyowane zadanie", "deadline(1i)"=>"2010-12-24", "deadline(2i)"=>"11", "priority"=>"1", "progress"=>"1", "deadline(3i)"=>"22", "user_id"=>"1", "description"=>"Opis wyedytowanego zadania"}} and HTTP headers {"HTTP_REFERER"=>"/tasks/1/edit"}
REQUESTING PAGE: GET /tasks with {} and HTTP headers {"HTTP_REFERER"=>"/tasks/1"}
REQUESTING PAGE: GET /users/sign_in with {} and HTTP headers {}
REQUESTING PAGE: POST /users/sign_in with {"commit"=>"Sign in", "utf8"=>"\342\234\223", "user"=>{"remember_me"=>"0", "password"=>"secretpass", "email"=>"testing@man.net"}} and HTTP headers {"HTTP_REFERER"=>"/users/sign_in"}
REQUESTING PAGE: GET /tasks/new with {} and HTTP headers {"HTTP_REFERER"=>"/users/sign_in"}
REQUESTING PAGE: POST /tasks with {"commit"=>"przeslij", "utf8"=>"\342\234\223", "task"=>{"name"=>"Pierwsze zadanie", "deadline(1i)"=>"2010-12-24", "deadline(2i)"=>"11", "priority"=>"1", "progress"=>"1", "deadline(3i)"=>"22", "user_id"=>"1", "description"=>"Opis pierwszego zadania"}} and HTTP headers {"HTTP_REFERER"=>"/tasks/new"}
REQUESTING PAGE: GET /tasks with {} and HTTP headers {"HTTP_REFERER"=>"/tasks"}
REQUESTING PAGE: GET /tasks/1 with {} and HTTP headers {"HTTP_REFERER"=>"/tasks"}
REQUESTING PAGE: GET /tasks with {} and HTTP headers {"HTTP_REFERER"=>"/tasks/1"}
REQUESTING PAGE: GET /users/sign_in with {} and HTTP headers {}
REQUESTING PAGE: POST /users/sign_in with {"commit"=>"Sign in", "utf8"=>"\342\234\223", "user"=>{"remember_me"=>"0", "password"=>"secretpass", "email"=>"testing@man.net"}} and HTTP headers {"HTTP_REFERER"=>"/users/sign_in"}
REQUESTING PAGE: GET /tasks with {} and HTTP headers {"HTTP_REFERER"=>"/users/sign_in"}
REQUESTING PAGE: GET /tasks/new with {} and HTTP headers {"HTTP_REFERER"=>"/tasks"}
REQUESTING PAGE: GET /users/sign_in with {} and HTTP headers {}
REQUESTING PAGE: POST /users/sign_in with {"commit"=>"Sign in", "utf8"=>"\342\234\223", "user"=>{"remember_me"=>"0", "password"=>"secretpass", "email"=>"testing@man.net"}} and HTTP headers {"HTTP_REFERER"=>"/users/sign_in"}
REQUESTING PAGE: GET /tasks/new with {} and HTTP headers {"HTTP_REFERER"=>"/users/sign_in"}
REQUESTING PAGE: POST /tasks with {"commit"=>"przeslij", "utf8"=>"\342\234\223", "task"=>{"name"=>"Pierwsze zadanie", "deadline(1i)"=>"2010-12-24", "deadline(2i)"=>"11", "priority"=>"1", "progress"=>"1", "deadline(3i)"=>"22", "user_id"=>"1", "description"=>"Opis pierwszego zadania"}} and HTTP headers {"HTTP_REFERER"=>"/tasks/new"}
REQUESTING PAGE: GET /tasks with {} and HTTP headers {"HTTP_REFERER"=>"/tasks"}
REQUESTING PAGE: GET /users/sign_in with {} and HTTP headers {}
REQUESTING PAGE: POST /users/sign_in with {"commit"=>"Sign in", "utf8"=>"\342\234\223", "user"=>{"remember_me"=>"0", "password"=>"secretpass", "email"=>"testing@man.net"}} and HTTP headers {"HTTP_REFERER"=>"/users/sign_in"}
REQUESTING PAGE: GET /tasks/new with {} and HTTP headers {"HTTP_REFERER"=>"/users/sign_in"}
REQUESTING PAGE: POST /tasks with {"commit"=>"przeslij", "utf8"=>"\342\234\223", "task"=>{"name"=>"Pierwsze zadanie", "deadline(1i)"=>"2010-12-24", "deadline(2i)"=>"11", "priority"=>"1", "progress"=>"1", "deadline(3i)"=>"22", "user_id"=>"1", "description"=>"Opis pierwszego zadania"}} and HTTP headers {"HTTP_REFERER"=>"/tasks/new"}
REQUESTING PAGE: GET /tasks with {} and HTTP headers {"HTTP_REFERER"=>"/tasks"}
REQUESTING PAGE: GET /tasks/1/edit with {} and HTTP headers {"HTTP_REFERER"=>"/tasks"}
REQUESTING PAGE: POST /tasks/1 with {"commit"=>"przeslij", "_method"=>"put", "utf8"=>"\342\234\223", "task"=>{"name"=>"Wyedtyowane zadanie", "deadline(1i)"=>"2010-12-24", "deadline(2i)"=>"11", "priority"=>"1", "progress"=>"1", "deadline(3i)"=>"22", "user_id"=>"1", "description"=>"Opis wyedytowanego zadania"}} and HTTP headers {"HTTP_REFERER"=>"/tasks/1/edit"}
REQUESTING PAGE: GET /tasks with {} and HTTP headers {"HTTP_REFERER"=>"/tasks/1"}
REQUESTING PAGE: GET /users/sign_in with {} and HTTP headers {}
REQUESTING PAGE: POST /users/sign_in with {"commit"=>"Sign in", "utf8"=>"\342\234\223", "user"=>{"remember_me"=>"0", "password"=>"secretpass", "email"=>"testing@man.net"}} and HTTP headers {"HTTP_REFERER"=>"/users/sign_in"}
REQUESTING PAGE: GET /tasks/new with {} and HTTP headers {"HTTP_REFERER"=>"/users/sign_in"}
REQUESTING PAGE: POST /tasks with {"commit"=>"przeslij", "utf8"=>"\342\234\223", "task"=>{"name"=>"Pierwsze zadanie", "deadline(1i)"=>"2010-12-24", "deadline(2i)"=>"11", "priority"=>"1", "progress"=>"1", "deadline(3i)"=>"22", "user_id"=>"1", "description"=>"Opis pierwszego zadania"}} and HTTP headers {"HTTP_REFERER"=>"/tasks/new"}
REQUESTING PAGE: GET /tasks with {} and HTTP headers {"HTTP_REFERER"=>"/tasks"}
REQUESTING PAGE: GET /tasks/1 with {} and HTTP headers {"HTTP_REFERER"=>"/tasks"}
REQUESTING PAGE: GET /tasks with {} and HTTP headers {"HTTP_REFERER"=>"/tasks/1"}
REQUESTING PAGE: GET /users/sign_in with {} and HTTP headers {}
REQUESTING PAGE: POST /users/sign_in with {"commit"=>"Sign in", "utf8"=>"\342\234\223", "user"=>{"remember_me"=>"0", "password"=>"secretpass", "email"=>"testing@man.net"}} and HTTP headers {"HTTP_REFERER"=>"/users/sign_in"}
REQUESTING PAGE: GET /tasks with {} and HTTP headers {"HTTP_REFERER"=>"/users/sign_in"}
REQUESTING PAGE: GET /tasks/new with {} and HTTP headers {"HTTP_REFERER"=>"/tasks"}
REQUESTING PAGE: GET /users/sign_in with {} and HTTP headers {}
REQUESTING PAGE: POST /users/sign_in with {"commit"=>"Sign in", "utf8"=>"\342\234\223", "user"=>{"remember_me"=>"0", "password"=>"secretpass", "email"=>"testing@man.net"}} and HTTP headers {"HTTP_REFERER"=>"/users/sign_in"}
REQUESTING PAGE: GET /tasks/new with {} and HTTP headers {"HTTP_REFERER"=>"/users/sign_in"}
REQUESTING PAGE: POST /tasks with {"commit"=>"przeslij", "utf8"=>"\342\234\223", "task"=>{"name"=>"Pierwsze zadanie", "deadline(1i)"=>"2010-12-24", "deadline(2i)"=>"11", "priority"=>"1", "progress"=>"1", "deadline(3i)"=>"23", "user_id"=>"1", "description"=>"Opis pierwszego zadania"}} and HTTP headers {"HTTP_REFERER"=>"/tasks/new"}
REQUESTING PAGE: GET /tasks with {} and HTTP headers {"HTTP_REFERER"=>"/tasks"}
REQUESTING PAGE: GET /users/sign_in with {} and HTTP headers {}
REQUESTING PAGE: POST /users/sign_in with {"commit"=>"Sign in", "utf8"=>"\342\234\223", "user"=>{"remember_me"=>"0", "password"=>"secretpass", "email"=>"testing@man.net"}} and HTTP headers {"HTTP_REFERER"=>"/users/sign_in"}
REQUESTING PAGE: GET /tasks/new with {} and HTTP headers {"HTTP_REFERER"=>"/users/sign_in"}
REQUESTING PAGE: POST /tasks with {"commit"=>"przeslij", "utf8"=>"\342\234\223", "task"=>{"name"=>"Pierwsze zadanie", "deadline(1i)"=>"2010-12-24", "deadline(2i)"=>"11", "priority"=>"1", "progress"=>"1", "deadline(3i)"=>"23", "user_id"=>"1", "description"=>"Opis pierwszego zadania"}} and HTTP headers {"HTTP_REFERER"=>"/tasks/new"}
REQUESTING PAGE: GET /tasks with {} and HTTP headers {"HTTP_REFERER"=>"/tasks"}
REQUESTING PAGE: GET /tasks/1/edit with {} and HTTP headers {"HTTP_REFERER"=>"/tasks"}
REQUESTING PAGE: POST /tasks/1 with {"commit"=>"przeslij", "_method"=>"put", "utf8"=>"\342\234\223", "task"=>{"name"=>"Wyedtyowane zadanie", "deadline(1i)"=>"2010-12-24", "deadline(2i)"=>"11", "priority"=>"1", "progress"=>"1", "deadline(3i)"=>"23", "user_id"=>"1", "description"=>"Opis wyedytowanego zadania"}} and HTTP headers {"HTTP_REFERER"=>"/tasks/1/edit"}
REQUESTING PAGE: GET /tasks with {} and HTTP headers {"HTTP_REFERER"=>"/tasks/1"}
REQUESTING PAGE: GET /users/sign_in with {} and HTTP headers {}
REQUESTING PAGE: POST /users/sign_in with {"commit"=>"Sign in", "utf8"=>"\342\234\223", "user"=>{"remember_me"=>"0", "password"=>"secretpass", "email"=>"testing@man.net"}} and HTTP headers {"HTTP_REFERER"=>"/users/sign_in"}
REQUESTING PAGE: GET /tasks/new with {} and HTTP headers {"HTTP_REFERER"=>"/users/sign_in"}
REQUESTING PAGE: POST /tasks with {"commit"=>"przeslij", "utf8"=>"\342\234\223", "task"=>{"name"=>"Pierwsze zadanie", "deadline(1i)"=>"2010-12-24", "deadline(2i)"=>"11", "priority"=>"1", "progress"=>"1", "deadline(3i)"=>"23", "user_id"=>"1", "description"=>"Opis pierwszego zadania"}} and HTTP headers {"HTTP_REFERER"=>"/tasks/new"}
REQUESTING PAGE: GET /tasks with {} and HTTP headers {"HTTP_REFERER"=>"/tasks"}
REQUESTING PAGE: GET /tasks/1 with {} and HTTP headers {"HTTP_REFERER"=>"/tasks"}
REQUESTING PAGE: GET /tasks with {} and HTTP headers {"HTTP_REFERER"=>"/tasks/1"}
